2025-04-26 20:02:25,054 [DEBUG]  Available web server routes: 
/conversations/<conversation_id:path>/messages     POST                           add_message
/conversations/<conversation_id:path>/tracker/events POST                           append_events
/webhooks/rest                                     GET                            custom_webhook_RestInput.health
/webhooks/rest/webhook                             POST                           custom_webhook_RestInput.receive
/model/test/intents                                POST                           evaluate_intents
/model/test/stories                                POST                           evaluate_stories
/conversations/<conversation_id:path>/execute      POST                           execute_action
/domain                                            GET                            get_domain
/                                                  GET                            hello
/model                                             PUT                            load_model
/model/parse                                       POST                           parse
/conversations/<conversation_id:path>/predict      POST                           predict
/conversations/<conversation_id:path>/tracker/events PUT                            replace_events
/conversations/<conversation_id:path>/story        GET                            retrieve_story
/conversations/<conversation_id:path>/tracker      GET                            retrieve_tracker
/status                                            GET                            status
/model/predict                                     POST                           tracker_predict
/model/train                                       POST                           train
/conversations/<conversation_id:path>/trigger_intent POST                           trigger_intent
/model                                             DELETE                         unload_model
/version                                           GET                            version
2025-04-26 20:02:25,055 [INFO ]  Starting Rasa server on http://0.0.0.0:5005
2025-04-26 20:02:25,055 [DEBUG]  Using the default number of Sanic workers (1).
2025-04-26 20:02:25,150 [DEBUG]  Skipping telemetry reporting: no license hash found.
2025-04-26 20:02:25,193 [DEBUG]  Connected to InMemoryTrackerStore.
2025-04-26 20:02:25,193 [DEBUG]  Connected to lock store 'InMemoryLockStore'.
2025-04-26 20:02:25,193 [DEBUG]  Instantiated NLG to 'TemplatedNaturalLanguageGenerator'.
2025-04-26 20:02:25,193 [INFO ]  Loading model models/20250426-193345-urbane-bear.tar.gz...
2025-04-26 20:02:25,235 [DEBUG]  Extracted model to '/var/folders/_t/_kq2qhpj4hs_tmgfkgzf866jb9__w_/T/tmpxcr_5ayy'.
2025-04-26 20:02:25,238 [DEBUG]  Node 'nlu_message_converter' loading 'NLUMessageConverter.load' and kwargs: '{}'.
2025-04-26 20:02:25,238 [DEBUG]  Node 'run_WhitespaceTokenizer0' loading 'WhitespaceTokenizer.load' and kwargs: '{}'.
2025-04-26 20:02:25,239 [DEBUG]  Node 'run_RegexFeaturizer1' loading 'RegexFeaturizer.load' and kwargs: '{}'.
2025-04-26 20:02:25,239 [DEBUG]  Resource 'train_RegexFeaturizer1' was requested for reading.
2025-04-26 20:02:25,240 [DEBUG]  Node 'run_LexicalSyntacticFeaturizer2' loading 'LexicalSyntacticFeaturizer.load' and kwargs: '{}'.
2025-04-26 20:02:25,240 [DEBUG]  Resource 'train_LexicalSyntacticFeaturizer2' was requested for reading.
2025-04-26 20:02:25,241 [DEBUG]  Node 'run_CountVectorsFeaturizer3' loading 'CountVectorsFeaturizer.load' and kwargs: '{}'.
2025-04-26 20:02:25,241 [DEBUG]  Resource 'train_CountVectorsFeaturizer3' was requested for reading.
2025-04-26 20:02:25,243 [DEBUG]  Node 'run_LanguageModelFeaturizer4' loading 'LanguageModelFeaturizer.load' and kwargs: '{}'.
2025-04-26 20:02:26,253 [DEBUG]  Loading Tokenizer and Model for bert
2025-04-26 20:02:26,255 [DEBUG]  Starting new HTTPS connection (1): huggingface.co:443
2025-04-26 20:02:26,569 [DEBUG]  https://huggingface.co:443 "HEAD /bert-base-cased/resolve/main/tokenizer_config.json HTTP/1.1" 200 0
2025-04-26 20:02:26,839 [DEBUG]  https://huggingface.co:443 "HEAD /bert-base-cased/resolve/main/config.json HTTP/1.1" 200 0
2025-04-26 20:02:27,983 [DEBUG]  Node 'run_DIETClassifier5' loading 'DIETClassifier.load' and kwargs: '{}'.
2025-04-26 20:02:27,983 [DEBUG]  Resource 'train_DIETClassifier5' was requested for reading.
2025-04-26 20:02:27,986 [DEBUG]  Loading the model from /var/folders/_t/_kq2qhpj4hs_tmgfkgzf866jb9__w_/T/tmpv4_dt3gc/train_DIETClassifier5/DIETClassifier.tf_model with finetune_mode=False...
2025-04-26 20:02:27,993 [DEBUG]  You specified 'DIET' to train entities, but no entities are present in the training data. Skipping training of entities.
2025-04-26 20:02:28,003 [DEBUG]  Following metrics will be logged during training: 
2025-04-26 20:02:28,003 [DEBUG]    t_loss (total loss)
2025-04-26 20:02:28,003 [DEBUG]    i_acc (intent acc)
2025-04-26 20:02:28,003 [DEBUG]    i_loss (intent loss)
2025-04-26 20:02:28,018 [WARNI]  At this time, the v2.11+ optimizer `tf.keras.optimizers.Adam` runs slowly on M1/M2 Macs, please use the legacy Keras optimizer instead, located at `tf.keras.optimizers.legacy.Adam`.
2025-04-26 20:02:28,019 [WARNI]  There is a known slowdown when using v2.11+ Keras optimizers on M1/M2 Macs. Falling back to the legacy Keras optimizer, i.e., `tf.keras.optimizers.legacy.Adam`.
2025-04-26 20:02:30,796 [DEBUG]  Finished loading the model.
2025-04-26 20:02:30,802 [DEBUG]  Node 'run_EntitySynonymMapper6' loading 'EntitySynonymMapper.load' and kwargs: '{}'.
2025-04-26 20:02:30,802 [DEBUG]  Resource 'train_EntitySynonymMapper6' was requested for reading.
2025-04-26 20:02:30,803 [DEBUG]  Failed to load ABCMeta from model storage. Resource 'train_EntitySynonymMapper6' doesn't exist.
2025-04-26 20:02:30,803 [DEBUG]  Node 'run_ResponseSelector7' loading 'ResponseSelector.load' and kwargs: '{}'.
2025-04-26 20:02:30,803 [DEBUG]  Resource 'train_ResponseSelector7' was requested for reading.
2025-04-26 20:02:30,803 [DEBUG]  Failed to load ABCMeta from model storage. Resource 'train_ResponseSelector7' doesn't exist.
2025-04-26 20:02:30,803 [DEBUG]  Resource 'train_ResponseSelector7' was requested for reading.
2025-04-26 20:02:30,803 [DEBUG]  Failed to load ResponseSelector from model storage. Resource 'train_ResponseSelector7' doesn't exist.
2025-04-26 20:02:30,803 [DEBUG]  Node 'run_RegexMessageHandler' loading 'RegexMessageHandler.load' and kwargs: '{}'.
2025-04-26 20:02:30,803 [DEBUG]  Node 'domain_provider' loading 'DomainProvider.load' and kwargs: '{}'.
2025-04-26 20:02:30,803 [DEBUG]  Resource 'domain_provider' was requested for reading.
2025-04-26 20:02:30,814 [DEBUG]  Node 'run_MemoizationPolicy0' loading 'MemoizationPolicy.load' and kwargs: '{}'.
2025-04-26 20:02:30,814 [DEBUG]  Resource 'train_MemoizationPolicy0' was requested for reading.
2025-04-26 20:02:30,815 [DEBUG]  Node 'run_RulePolicy1' loading 'RulePolicy.load' and kwargs: '{}'.
2025-04-26 20:02:30,815 [DEBUG]  Resource 'train_RulePolicy1' was requested for reading.
2025-04-26 20:02:30,816 [DEBUG]  Node 'run_TEDPolicy2' loading 'TEDPolicy.load' and kwargs: '{}'.
2025-04-26 20:02:30,816 [DEBUG]  Resource 'train_TEDPolicy2' was requested for reading.
2025-04-26 20:02:30,823 [DEBUG]  Loading the model from /var/folders/_t/_kq2qhpj4hs_tmgfkgzf866jb9__w_/T/tmpv4_dt3gc/train_TEDPolicy2/ted_policy.tf_model with finetune_mode=False...
2025-04-26 20:02:30,844 [WARNI]  At this time, the v2.11+ optimizer `tf.keras.optimizers.Adam` runs slowly on M1/M2 Macs, please use the legacy Keras optimizer instead, located at `tf.keras.optimizers.legacy.Adam`.
2025-04-26 20:02:30,845 [WARNI]  There is a known slowdown when using v2.11+ Keras optimizers on M1/M2 Macs. Falling back to the legacy Keras optimizer, i.e., `tf.keras.optimizers.legacy.Adam`.
2025-04-26 20:02:33,969 [DEBUG]  Finished loading the model.
2025-04-26 20:02:33,969 [DEBUG]  Node 'rule_only_data_provider' loading 'RuleOnlyDataProvider.load' and kwargs: '{}'.
2025-04-26 20:02:33,969 [DEBUG]  Resource 'train_RulePolicy1' was requested for reading.
2025-04-26 20:02:33,971 [DEBUG]  Node 'select_prediction' loading 'DefaultPolicyPredictionEnsemble.load' and kwargs: '{}'.
2025-04-26 20:02:33,978 [INFO ]  Rasa server is up and running.
2025-04-26 20:02:33,979 [INFO ]  Enabling coroutine debugging. Loop id 13157444768.
2025-04-26 20:02:44,525 [DEBUG]  Issuing ticket for conversation 'PractikumStudent'.
2025-04-26 20:02:44,525 [DEBUG]  Acquiring lock for conversation 'PractikumStudent'.
2025-04-26 20:02:44,525 [DEBUG]  Acquired lock for conversation 'PractikumStudent'.
2025-04-26 20:02:44,525 [DEBUG]  Could not find tracker for conversation ID 'PractikumStudent'.
2025-04-26 20:02:44,526 [DEBUG]  No event broker configured. Skipping streaming events.
2025-04-26 20:02:44,526 [DEBUG]  Starting a new session for conversation ID 'PractikumStudent'.
2025-04-26 20:02:44,528 [DEBUG]  [[32m[1mdebug    [0m] [1mprocessor.actions.policy_prediction[0m [36mprediction_events[0m=[35m[][0m
2025-04-26 20:02:44,528 [DEBUG]  [[32m[1mdebug    [0m] [1mprocessor.actions.log         [0m [36maction_name[0m=[35maction_session_start[0m [36mrasa_events[0m=[35m[<rasa.shared.core.events.SessionStarted object at 0x3715065e0>, ActionExecuted(action: action_listen, policy: None, confidence: None)][0m
2025-04-26 20:02:44,528 [DEBUG]  [[32m[1mdebug    [0m] [1mprocessor.slots.log           [0m [36mslot_values[0m=[35m	topic: None
	session_started_metadata: None[0m
2025-04-26 20:02:44,528 [DEBUG]  Running graph with inputs: {'__message__': [<rasa.core.channels.channel.UserMessage object at 0x3724c2910>], '__tracker__': <rasa.shared.core.trackers.DialogueStateTracker object at 0x36f9af250>}, targets: ['run_RegexMessageHandler'] and ExecutionContext(model_id='1d7dcfe6ba1642cc8f8a1b47583c53a8', should_add_diagnostic_data=False, is_finetuning=False, node_name=None).
2025-04-26 20:02:44,528 [DEBUG]  Node 'nlu_message_converter' running 'NLUMessageConverter.convert_user_message'.
2025-04-26 20:02:44,529 [DEBUG]  Node 'run_WhitespaceTokenizer0' running 'WhitespaceTokenizer.process'.
2025-04-26 20:02:44,530 [DEBUG]  Node 'run_RegexFeaturizer1' running 'RegexFeaturizer.process'.
2025-04-26 20:02:44,530 [DEBUG]  Node 'run_LexicalSyntacticFeaturizer2' running 'LexicalSyntacticFeaturizer.process'.
2025-04-26 20:02:44,530 [DEBUG]  Node 'run_CountVectorsFeaturizer3' running 'CountVectorsFeaturizer.process'.
2025-04-26 20:02:44,531 [DEBUG]  Node 'run_LanguageModelFeaturizer4' running 'LanguageModelFeaturizer.process'.
2025-04-26 20:02:44,693 [DEBUG]  Node 'run_DIETClassifier5' running 'DIETClassifier.process'.
2025-04-26 20:02:44,744 [DEBUG]  Node 'run_EntitySynonymMapper6' running 'EntitySynonymMapper.process'.
2025-04-26 20:02:44,744 [DEBUG]  Node 'run_ResponseSelector7' running 'ResponseSelector.process'.
2025-04-26 20:02:44,744 [DEBUG]  There is no trained model for 'ResponseSelector': The component is either not trained or didn't receive enough training data.
2025-04-26 20:02:44,744 [DEBUG]  Adding following selector key to message property: default
2025-04-26 20:02:44,744 [DEBUG]  Node 'domain_provider' running 'DomainProvider.provide_inference'.
2025-04-26 20:02:44,744 [DEBUG]  Node 'run_RegexMessageHandler' running 'RegexMessageHandler.process'.
2025-04-26 20:02:44,745 [DEBUG]  [[32m[1mdebug    [0m] [1mprocessor.message.parse       [0m [36mparse_data_entities[0m=[35m[][0m [36mparse_data_intent[0m=[35m{'name': 'request_info', 'confidence': 0.21288175880908966}[0m [36mparse_data_text[0m=[35mЗдравствуй, ассистент![0m
2025-04-26 20:02:44,745 [DEBUG]  Logged UserUtterance - tracker now has 4 events.
2025-04-26 20:02:44,747 [DEBUG]  Validating extracted slots: topic
2025-04-26 20:02:44,747 [DEBUG]  [[32m[1mdebug    [0m] [1mprocessor.extract.slots       [0m [36maction_extract_slot[0m=[35maction_extract_slots[0m [36mlen_extraction_events[0m=[35m1[0m [36mrasa_events[0m=[35m[SlotSet(key: topic, value: Здравствуй, ассистент!)][0m
2025-04-26 20:02:44,747 [DEBUG]  Running graph with inputs: {'__tracker__': <rasa.shared.core.trackers.DialogueStateTracker object at 0x36f9af250>}, targets: ['select_prediction'] and ExecutionContext(model_id='1d7dcfe6ba1642cc8f8a1b47583c53a8', should_add_diagnostic_data=False, is_finetuning=False, node_name=None).
2025-04-26 20:02:44,748 [DEBUG]  Node 'rule_only_data_provider' running 'RuleOnlyDataProvider.provide'.
2025-04-26 20:02:44,748 [DEBUG]  Node 'domain_provider' running 'DomainProvider.provide_inference'.
2025-04-26 20:02:44,748 [DEBUG]  Node 'run_MemoizationPolicy0' running 'MemoizationPolicy.predict_action_probabilities'.
2025-04-26 20:02:44,748 [DEBUG]  [[32m[1mdebug    [0m] [1mmemoization.predict.actions   [0m [36mtracker_states[0m=[35m[{}, {'user': {'intent': 'request_info'}, 'prev_action': {'action_name': 'action_listen'}}][0m
2025-04-26 20:02:44,748 [DEBUG]  There is a memorised next action 'utter_ask_more'
2025-04-26 20:02:44,748 [DEBUG]  Node 'run_RulePolicy1' running 'RulePolicy.predict_action_probabilities'.
2025-04-26 20:02:44,748 [DEBUG]  [[32m[1mdebug    [0m] [1mrule_policy.actions.find      [0m [36mcurrent_states[0m=[35m
[state 1] user text: Здравствуй, ассистент! | previous action name: action_listen[0m
2025-04-26 20:02:44,748 [DEBUG]  There is no applicable rule.
2025-04-26 20:02:44,748 [DEBUG]  [[32m[1mdebug    [0m] [1mrule_policy.actions.find      [0m [36mcurrent_states[0m=[35m
[state 1] user intent: request_info | previous action name: action_listen[0m
2025-04-26 20:02:44,748 [DEBUG]  There is a rule for the next action 'utter_ask_more'.
2025-04-26 20:02:44,749 [DEBUG]  Node 'run_TEDPolicy2' running 'TEDPolicy.predict_action_probabilities'.
2025-04-26 20:02:44,750 [DEBUG]  TED predicted 'action_default_ask_affirmation' based on user intent.
2025-04-26 20:02:44,750 [DEBUG]  Node 'select_prediction' running 'DefaultPolicyPredictionEnsemble.combine_predictions_from_kwargs'.
2025-04-26 20:02:44,750 [DEBUG]  Made prediction using user intent.
2025-04-26 20:02:44,750 [DEBUG]  Added `DefinePrevUserUtteredFeaturization(False)` event.
2025-04-26 20:02:44,750 [DEBUG]  Predicted next action using RulePolicy.
2025-04-26 20:02:44,751 [DEBUG]  Predicted next action 'utter_ask_more' with confidence 1.00.
2025-04-26 20:02:44,753 [DEBUG]  [[32m[1mdebug    [0m] [1mprocessor.actions.policy_prediction[0m [36mprediction_events[0m=[35m[<rasa.shared.core.events.DefinePrevUserUtteredFeaturization object at 0x371506d60>][0m
2025-04-26 20:02:44,753 [DEBUG]  [[32m[1mdebug    [0m] [1mprocessor.actions.log         [0m [36maction_name[0m=[35mutter_ask_more[0m [36mrasa_events[0m=[35m[BotUttered('Что именно вас интересует в архитектуре программного обеспечения?', {"elements": null, "quick_replies": null, "buttons": null, "attachment": null, "image": null, "custom": null}, {"utter_action": "utter_ask_more"}, 1745686964.753418)][0m
2025-04-26 20:02:44,754 [DEBUG]  Running graph with inputs: {'__tracker__': <rasa.shared.core.trackers.DialogueStateTracker object at 0x36f9af250>}, targets: ['select_prediction'] and ExecutionContext(model_id='1d7dcfe6ba1642cc8f8a1b47583c53a8', should_add_diagnostic_data=False, is_finetuning=False, node_name=None).
2025-04-26 20:02:44,754 [DEBUG]  Node 'rule_only_data_provider' running 'RuleOnlyDataProvider.provide'.
2025-04-26 20:02:44,755 [DEBUG]  Node 'domain_provider' running 'DomainProvider.provide_inference'.
2025-04-26 20:02:44,755 [DEBUG]  Node 'run_MemoizationPolicy0' running 'MemoizationPolicy.predict_action_probabilities'.
2025-04-26 20:02:44,755 [DEBUG]  [[32m[1mdebug    [0m] [1mmemoization.predict.actions   [0m [36mtracker_states[0m=[35m[{'user': {'intent': 'request_info'}, 'prev_action': {'action_name': 'action_listen'}}, {'user': {'intent': 'request_info'}, 'prev_action': {'action_name': 'utter_ask_more'}}][0m
2025-04-26 20:02:44,755 [DEBUG]  There is a memorised next action 'action_listen'
2025-04-26 20:02:44,755 [DEBUG]  Node 'run_RulePolicy1' running 'RulePolicy.predict_action_probabilities'.
2025-04-26 20:02:44,755 [DEBUG]  [[32m[1mdebug    [0m] [1mrule_policy.actions.find      [0m [36mcurrent_states[0m=[35m
[state 1] user intent: request_info | previous action name: action_listen
[state 2] user intent: request_info | previous action name: utter_ask_more[0m
2025-04-26 20:02:44,755 [DEBUG]  There is a rule for the next action 'action_listen'.
2025-04-26 20:02:44,755 [DEBUG]  Node 'run_TEDPolicy2' running 'TEDPolicy.predict_action_probabilities'.
2025-04-26 20:02:44,756 [DEBUG]  TED predicted 'utter_goodbye' based on user intent.
2025-04-26 20:02:44,756 [DEBUG]  Node 'select_prediction' running 'DefaultPolicyPredictionEnsemble.combine_predictions_from_kwargs'.
2025-04-26 20:02:44,757 [DEBUG]  Predicted next action using RulePolicy.
2025-04-26 20:02:44,757 [DEBUG]  Predicted next action 'action_listen' with confidence 1.00.
2025-04-26 20:02:44,757 [DEBUG]  [[32m[1mdebug    [0m] [1mprocessor.actions.policy_prediction[0m [36mprediction_events[0m=[35m[][0m
2025-04-26 20:02:44,757 [DEBUG]  [[32m[1mdebug    [0m] [1mprocessor.actions.log         [0m [36maction_name[0m=[35maction_listen[0m [36mrasa_events[0m=[35m[][0m
2025-04-26 20:02:44,757 [DEBUG]  No event broker configured. Skipping streaming events.
2025-04-26 20:02:44,757 [DEBUG]  Deleted lock for conversation 'PractikumStudent'.
2025-04-26 20:02:48,960 [DEBUG]  Issuing ticket for conversation 'PractikumStudent'.
2025-04-26 20:02:48,960 [DEBUG]  Acquiring lock for conversation 'PractikumStudent'.
2025-04-26 20:02:48,960 [DEBUG]  Acquired lock for conversation 'PractikumStudent'.
2025-04-26 20:02:48,960 [DEBUG]  Recreating tracker for id 'PractikumStudent'
2025-04-26 20:02:48,962 [DEBUG]  Running graph with inputs: {'__message__': [<rasa.core.channels.channel.UserMessage object at 0x371397790>], '__tracker__': <rasa.shared.core.trackers.DialogueStateTracker object at 0x3715ba220>}, targets: ['run_RegexMessageHandler'] and ExecutionContext(model_id='1d7dcfe6ba1642cc8f8a1b47583c53a8', should_add_diagnostic_data=False, is_finetuning=False, node_name=None).
2025-04-26 20:02:48,963 [DEBUG]  Node 'nlu_message_converter' running 'NLUMessageConverter.convert_user_message'.
2025-04-26 20:02:48,963 [DEBUG]  Node 'run_WhitespaceTokenizer0' running 'WhitespaceTokenizer.process'.
2025-04-26 20:02:48,963 [DEBUG]  Node 'run_RegexFeaturizer1' running 'RegexFeaturizer.process'.
2025-04-26 20:02:48,963 [DEBUG]  Node 'run_LexicalSyntacticFeaturizer2' running 'LexicalSyntacticFeaturizer.process'.
2025-04-26 20:02:48,964 [DEBUG]  Node 'run_CountVectorsFeaturizer3' running 'CountVectorsFeaturizer.process'.
2025-04-26 20:02:48,965 [DEBUG]  Node 'run_LanguageModelFeaturizer4' running 'LanguageModelFeaturizer.process'.
2025-04-26 20:02:49,063 [DEBUG]  Node 'run_DIETClassifier5' running 'DIETClassifier.process'.
2025-04-26 20:02:49,064 [DEBUG]  Node 'run_EntitySynonymMapper6' running 'EntitySynonymMapper.process'.
2025-04-26 20:02:49,065 [DEBUG]  Node 'run_ResponseSelector7' running 'ResponseSelector.process'.
2025-04-26 20:02:49,065 [DEBUG]  There is no trained model for 'ResponseSelector': The component is either not trained or didn't receive enough training data.
2025-04-26 20:02:49,065 [DEBUG]  Adding following selector key to message property: default
2025-04-26 20:02:49,065 [DEBUG]  Node 'domain_provider' running 'DomainProvider.provide_inference'.
2025-04-26 20:02:49,065 [DEBUG]  Node 'run_RegexMessageHandler' running 'RegexMessageHandler.process'.
2025-04-26 20:02:49,065 [DEBUG]  [[32m[1mdebug    [0m] [1mprocessor.message.parse       [0m [36mparse_data_entities[0m=[35m[][0m [36mparse_data_intent[0m=[35m{'name': 'request_info', 'confidence': 0.31631705164909363}[0m [36mparse_data_text[0m=[35mКеширование[0m
2025-04-26 20:02:49,065 [DEBUG]  Logged UserUtterance - tracker now has 10 events.
2025-04-26 20:02:49,065 [DEBUG]  Validating extracted slots: topic
2025-04-26 20:02:49,065 [DEBUG]  [[32m[1mdebug    [0m] [1mprocessor.extract.slots       [0m [36maction_extract_slot[0m=[35maction_extract_slots[0m [36mlen_extraction_events[0m=[35m1[0m [36mrasa_events[0m=[35m[SlotSet(key: topic, value: Кеширование)][0m
2025-04-26 20:02:49,065 [DEBUG]  Running graph with inputs: {'__tracker__': <rasa.shared.core.trackers.DialogueStateTracker object at 0x3715ba220>}, targets: ['select_prediction'] and ExecutionContext(model_id='1d7dcfe6ba1642cc8f8a1b47583c53a8', should_add_diagnostic_data=False, is_finetuning=False, node_name=None).
2025-04-26 20:02:49,065 [DEBUG]  Node 'rule_only_data_provider' running 'RuleOnlyDataProvider.provide'.
2025-04-26 20:02:49,065 [DEBUG]  Node 'domain_provider' running 'DomainProvider.provide_inference'.
2025-04-26 20:02:49,066 [DEBUG]  Node 'run_MemoizationPolicy0' running 'MemoizationPolicy.predict_action_probabilities'.
2025-04-26 20:02:49,066 [DEBUG]  [[32m[1mdebug    [0m] [1mmemoization.predict.actions   [0m [36mtracker_states[0m=[35m[{'user': {'intent': 'request_info'}, 'prev_action': {'action_name': 'utter_ask_more'}}, {'user': {'intent': 'request_info'}, 'prev_action': {'action_name': 'action_listen'}}][0m
2025-04-26 20:02:49,066 [DEBUG]  There is no memorised next action
2025-04-26 20:02:49,066 [DEBUG]  Node 'run_RulePolicy1' running 'RulePolicy.predict_action_probabilities'.
2025-04-26 20:02:49,066 [DEBUG]  [[32m[1mdebug    [0m] [1mrule_policy.actions.find      [0m [36mcurrent_states[0m=[35m
[state 1] user intent: request_info | previous action name: action_listen
[state 2] user intent: request_info | previous action name: utter_ask_more
[state 3] user text: Кеширование | previous action name: action_listen[0m
2025-04-26 20:02:49,066 [DEBUG]  There is no applicable rule.
2025-04-26 20:02:49,066 [DEBUG]  [[32m[1mdebug    [0m] [1mrule_policy.actions.find      [0m [36mcurrent_states[0m=[35m
[state 1] user intent: request_info | previous action name: action_listen
[state 2] user intent: request_info | previous action name: utter_ask_more
[state 3] user intent: request_info | previous action name: action_listen[0m
2025-04-26 20:02:49,066 [DEBUG]  There is a rule for the next action 'utter_ask_more'.
2025-04-26 20:02:49,066 [DEBUG]  Node 'run_TEDPolicy2' running 'TEDPolicy.predict_action_probabilities'.
2025-04-26 20:02:49,068 [DEBUG]  TED predicted 'action_default_ask_affirmation' based on user intent.
2025-04-26 20:02:49,068 [DEBUG]  Node 'select_prediction' running 'DefaultPolicyPredictionEnsemble.combine_predictions_from_kwargs'.
2025-04-26 20:02:49,068 [DEBUG]  Made prediction using user intent.
2025-04-26 20:02:49,068 [DEBUG]  Added `DefinePrevUserUtteredFeaturization(False)` event.
2025-04-26 20:02:49,068 [DEBUG]  Predicted next action using RulePolicy.
2025-04-26 20:02:49,068 [DEBUG]  Predicted next action 'utter_ask_more' with confidence 1.00.
2025-04-26 20:02:49,068 [DEBUG]  [[32m[1mdebug    [0m] [1mprocessor.actions.policy_prediction[0m [36mprediction_events[0m=[35m[<rasa.shared.core.events.DefinePrevUserUtteredFeaturization object at 0x3713ecdc0>][0m
2025-04-26 20:02:49,068 [DEBUG]  [[32m[1mdebug    [0m] [1mprocessor.actions.log         [0m [36maction_name[0m=[35mutter_ask_more[0m [36mrasa_events[0m=[35m[BotUttered('Что именно вас интересует в архитектуре программного обеспечения?', {"elements": null, "quick_replies": null, "buttons": null, "attachment": null, "image": null, "custom": null}, {"utter_action": "utter_ask_more"}, 1745686969.068407)][0m
2025-04-26 20:02:49,068 [DEBUG]  Running graph with inputs: {'__tracker__': <rasa.shared.core.trackers.DialogueStateTracker object at 0x3715ba220>}, targets: ['select_prediction'] and ExecutionContext(model_id='1d7dcfe6ba1642cc8f8a1b47583c53a8', should_add_diagnostic_data=False, is_finetuning=False, node_name=None).
2025-04-26 20:02:49,068 [DEBUG]  Node 'rule_only_data_provider' running 'RuleOnlyDataProvider.provide'.
2025-04-26 20:02:49,068 [DEBUG]  Node 'domain_provider' running 'DomainProvider.provide_inference'.
2025-04-26 20:02:49,068 [DEBUG]  Node 'run_MemoizationPolicy0' running 'MemoizationPolicy.predict_action_probabilities'.
2025-04-26 20:02:49,068 [DEBUG]  [[32m[1mdebug    [0m] [1mmemoization.predict.actions   [0m [36mtracker_states[0m=[35m[{'user': {'intent': 'request_info'}, 'prev_action': {'action_name': 'action_listen'}}, {'user': {'intent': 'request_info'}, 'prev_action': {'action_name': 'utter_ask_more'}}][0m
2025-04-26 20:02:49,069 [DEBUG]  There is a memorised next action 'action_listen'
2025-04-26 20:02:49,069 [DEBUG]  Node 'run_RulePolicy1' running 'RulePolicy.predict_action_probabilities'.
2025-04-26 20:02:49,069 [DEBUG]  [[32m[1mdebug    [0m] [1mrule_policy.actions.find      [0m [36mcurrent_states[0m=[35m
[state 1] user intent: request_info | previous action name: action_listen
[state 2] user intent: request_info | previous action name: utter_ask_more
[state 3] user intent: request_info | previous action name: action_listen
[state 4] user intent: request_info | previous action name: utter_ask_more[0m
2025-04-26 20:02:49,069 [DEBUG]  There is a rule for the next action 'action_listen'.
2025-04-26 20:02:49,069 [DEBUG]  Node 'run_TEDPolicy2' running 'TEDPolicy.predict_action_probabilities'.
2025-04-26 20:02:49,070 [DEBUG]  TED predicted 'utter_goodbye' based on user intent.
2025-04-26 20:02:49,070 [DEBUG]  Node 'select_prediction' running 'DefaultPolicyPredictionEnsemble.combine_predictions_from_kwargs'.
2025-04-26 20:02:49,070 [DEBUG]  Predicted next action using RulePolicy.
2025-04-26 20:02:49,070 [DEBUG]  Predicted next action 'action_listen' with confidence 1.00.
2025-04-26 20:02:49,070 [DEBUG]  [[32m[1mdebug    [0m] [1mprocessor.actions.policy_prediction[0m [36mprediction_events[0m=[35m[][0m
2025-04-26 20:02:49,070 [DEBUG]  [[32m[1mdebug    [0m] [1mprocessor.actions.log         [0m [36maction_name[0m=[35maction_listen[0m [36mrasa_events[0m=[35m[][0m
2025-04-26 20:02:49,070 [DEBUG]  No event broker configured. Skipping streaming events.
2025-04-26 20:02:49,071 [DEBUG]  Deleted lock for conversation 'PractikumStudent'.
2025-04-26 20:03:07,050 [DEBUG]  Issuing ticket for conversation 'PractikumStudent'.
2025-04-26 20:03:07,052 [DEBUG]  Acquiring lock for conversation 'PractikumStudent'.
2025-04-26 20:03:07,052 [DEBUG]  Acquired lock for conversation 'PractikumStudent'.
2025-04-26 20:03:07,052 [DEBUG]  Recreating tracker for id 'PractikumStudent'
2025-04-26 20:03:07,056 [DEBUG]  Running graph with inputs: {'__message__': [<rasa.core.channels.channel.UserMessage object at 0x37134e040>], '__tracker__': <rasa.shared.core.trackers.DialogueStateTracker object at 0x3724ca820>}, targets: ['run_RegexMessageHandler'] and ExecutionContext(model_id='1d7dcfe6ba1642cc8f8a1b47583c53a8', should_add_diagnostic_data=False, is_finetuning=False, node_name=None).
2025-04-26 20:03:07,057 [DEBUG]  Node 'nlu_message_converter' running 'NLUMessageConverter.convert_user_message'.
2025-04-26 20:03:07,057 [DEBUG]  Node 'run_WhitespaceTokenizer0' running 'WhitespaceTokenizer.process'.
2025-04-26 20:03:07,058 [DEBUG]  Node 'run_RegexFeaturizer1' running 'RegexFeaturizer.process'.
2025-04-26 20:03:07,058 [DEBUG]  Node 'run_LexicalSyntacticFeaturizer2' running 'LexicalSyntacticFeaturizer.process'.
2025-04-26 20:03:07,059 [DEBUG]  Node 'run_CountVectorsFeaturizer3' running 'CountVectorsFeaturizer.process'.
2025-04-26 20:03:07,060 [DEBUG]  Node 'run_LanguageModelFeaturizer4' running 'LanguageModelFeaturizer.process'.
2025-04-26 20:03:07,207 [DEBUG]  Node 'run_DIETClassifier5' running 'DIETClassifier.process'.
2025-04-26 20:03:07,209 [DEBUG]  Node 'run_EntitySynonymMapper6' running 'EntitySynonymMapper.process'.
2025-04-26 20:03:07,209 [DEBUG]  Node 'run_ResponseSelector7' running 'ResponseSelector.process'.
2025-04-26 20:03:07,210 [DEBUG]  There is no trained model for 'ResponseSelector': The component is either not trained or didn't receive enough training data.
2025-04-26 20:03:07,210 [DEBUG]  Adding following selector key to message property: default
2025-04-26 20:03:07,210 [DEBUG]  Node 'domain_provider' running 'DomainProvider.provide_inference'.
2025-04-26 20:03:07,210 [DEBUG]  Node 'run_RegexMessageHandler' running 'RegexMessageHandler.process'.
2025-04-26 20:03:07,210 [DEBUG]  [[32m[1mdebug    [0m] [1mprocessor.message.parse       [0m [36mparse_data_entities[0m=[35m[][0m [36mparse_data_intent[0m=[35m{'name': 'request_info', 'confidence': 0.2561584413051605}[0m [36mparse_data_text[0m=[35mCORS-запросы[0m
2025-04-26 20:03:07,210 [DEBUG]  Logged UserUtterance - tracker now has 16 events.
2025-04-26 20:03:07,210 [DEBUG]  Validating extracted slots: topic
2025-04-26 20:03:07,210 [DEBUG]  [[32m[1mdebug    [0m] [1mprocessor.extract.slots       [0m [36maction_extract_slot[0m=[35maction_extract_slots[0m [36mlen_extraction_events[0m=[35m1[0m [36mrasa_events[0m=[35m[SlotSet(key: topic, value: CORS-запросы)][0m
2025-04-26 20:03:07,210 [DEBUG]  Running graph with inputs: {'__tracker__': <rasa.shared.core.trackers.DialogueStateTracker object at 0x3724ca820>}, targets: ['select_prediction'] and ExecutionContext(model_id='1d7dcfe6ba1642cc8f8a1b47583c53a8', should_add_diagnostic_data=False, is_finetuning=False, node_name=None).
2025-04-26 20:03:07,210 [DEBUG]  Node 'rule_only_data_provider' running 'RuleOnlyDataProvider.provide'.
2025-04-26 20:03:07,210 [DEBUG]  Node 'domain_provider' running 'DomainProvider.provide_inference'.
2025-04-26 20:03:07,211 [DEBUG]  Node 'run_MemoizationPolicy0' running 'MemoizationPolicy.predict_action_probabilities'.
2025-04-26 20:03:07,211 [DEBUG]  [[32m[1mdebug    [0m] [1mmemoization.predict.actions   [0m [36mtracker_states[0m=[35m[{'user': {'intent': 'request_info'}, 'prev_action': {'action_name': 'utter_ask_more'}}, {'user': {'intent': 'request_info'}, 'prev_action': {'action_name': 'action_listen'}}][0m
2025-04-26 20:03:07,211 [DEBUG]  There is no memorised next action
2025-04-26 20:03:07,211 [DEBUG]  Node 'run_RulePolicy1' running 'RulePolicy.predict_action_probabilities'.
2025-04-26 20:03:07,211 [DEBUG]  [[32m[1mdebug    [0m] [1mrule_policy.actions.find      [0m [36mcurrent_states[0m=[35m
[state 1] user intent: request_info | previous action name: action_listen
[state 2] user intent: request_info | previous action name: utter_ask_more
[state 3] user intent: request_info | previous action name: action_listen
[state 4] user intent: request_info | previous action name: utter_ask_more
[state 5] user text: CORS-запросы | previous action name: action_listen[0m
2025-04-26 20:03:07,211 [DEBUG]  There is no applicable rule.
2025-04-26 20:03:07,211 [DEBUG]  [[32m[1mdebug    [0m] [1mrule_policy.actions.find      [0m [36mcurrent_states[0m=[35m
[state 1] user intent: request_info | previous action name: action_listen
[state 2] user intent: request_info | previous action name: utter_ask_more
[state 3] user intent: request_info | previous action name: action_listen
[state 4] user intent: request_info | previous action name: utter_ask_more
[state 5] user intent: request_info | previous action name: action_listen[0m
2025-04-26 20:03:07,211 [DEBUG]  There is a rule for the next action 'utter_ask_more'.
2025-04-26 20:03:07,211 [DEBUG]  Node 'run_TEDPolicy2' running 'TEDPolicy.predict_action_probabilities'.
2025-04-26 20:03:07,213 [DEBUG]  TED predicted 'action_default_ask_affirmation' based on user intent.
2025-04-26 20:03:07,213 [DEBUG]  Node 'select_prediction' running 'DefaultPolicyPredictionEnsemble.combine_predictions_from_kwargs'.
2025-04-26 20:03:07,213 [DEBUG]  Made prediction using user intent.
2025-04-26 20:03:07,213 [DEBUG]  Added `DefinePrevUserUtteredFeaturization(False)` event.
2025-04-26 20:03:07,213 [DEBUG]  Predicted next action using RulePolicy.
2025-04-26 20:03:07,213 [DEBUG]  Predicted next action 'utter_ask_more' with confidence 1.00.
2025-04-26 20:03:07,213 [DEBUG]  [[32m[1mdebug    [0m] [1mprocessor.actions.policy_prediction[0m [36mprediction_events[0m=[35m[<rasa.shared.core.events.DefinePrevUserUtteredFeaturization object at 0x31880c9d0>][0m
2025-04-26 20:03:07,213 [DEBUG]  [[32m[1mdebug    [0m] [1mprocessor.actions.log         [0m [36maction_name[0m=[35mutter_ask_more[0m [36mrasa_events[0m=[35m[BotUttered('Что именно вас интересует в архитектуре программного обеспечения?', {"elements": null, "quick_replies": null, "buttons": null, "attachment": null, "image": null, "custom": null}, {"utter_action": "utter_ask_more"}, 1745686987.213732)][0m
2025-04-26 20:03:07,213 [DEBUG]  Running graph with inputs: {'__tracker__': <rasa.shared.core.trackers.DialogueStateTracker object at 0x3724ca820>}, targets: ['select_prediction'] and ExecutionContext(model_id='1d7dcfe6ba1642cc8f8a1b47583c53a8', should_add_diagnostic_data=False, is_finetuning=False, node_name=None).
2025-04-26 20:03:07,214 [DEBUG]  Node 'rule_only_data_provider' running 'RuleOnlyDataProvider.provide'.
2025-04-26 20:03:07,214 [DEBUG]  Node 'domain_provider' running 'DomainProvider.provide_inference'.
2025-04-26 20:03:07,214 [DEBUG]  Node 'run_MemoizationPolicy0' running 'MemoizationPolicy.predict_action_probabilities'.
2025-04-26 20:03:07,214 [DEBUG]  [[32m[1mdebug    [0m] [1mmemoization.predict.actions   [0m [36mtracker_states[0m=[35m[{'user': {'intent': 'request_info'}, 'prev_action': {'action_name': 'action_listen'}}, {'user': {'intent': 'request_info'}, 'prev_action': {'action_name': 'utter_ask_more'}}][0m
2025-04-26 20:03:07,214 [DEBUG]  There is a memorised next action 'action_listen'
2025-04-26 20:03:07,214 [DEBUG]  Node 'run_RulePolicy1' running 'RulePolicy.predict_action_probabilities'.
2025-04-26 20:03:07,214 [DEBUG]  [[32m[1mdebug    [0m] [1mrule_policy.actions.find      [0m [36mcurrent_states[0m=[35m
[state 1] user intent: request_info | previous action name: action_listen
[state 2] user intent: request_info | previous action name: utter_ask_more
[state 3] user intent: request_info | previous action name: action_listen
[state 4] user intent: request_info | previous action name: utter_ask_more
[state 5] user intent: request_info | previous action name: action_listen
[state 6] user intent: request_info | previous action name: utter_ask_more[0m
2025-04-26 20:03:07,214 [DEBUG]  There is a rule for the next action 'action_listen'.
2025-04-26 20:03:07,214 [DEBUG]  Node 'run_TEDPolicy2' running 'TEDPolicy.predict_action_probabilities'.
2025-04-26 20:03:07,216 [DEBUG]  TED predicted 'utter_goodbye' based on user intent.
2025-04-26 20:03:07,216 [DEBUG]  Node 'select_prediction' running 'DefaultPolicyPredictionEnsemble.combine_predictions_from_kwargs'.
2025-04-26 20:03:07,216 [DEBUG]  Predicted next action using RulePolicy.
2025-04-26 20:03:07,216 [DEBUG]  Predicted next action 'action_listen' with confidence 1.00.
2025-04-26 20:03:07,216 [DEBUG]  [[32m[1mdebug    [0m] [1mprocessor.actions.policy_prediction[0m [36mprediction_events[0m=[35m[][0m
2025-04-26 20:03:07,216 [DEBUG]  [[32m[1mdebug    [0m] [1mprocessor.actions.log         [0m [36maction_name[0m=[35maction_listen[0m [36mrasa_events[0m=[35m[][0m
2025-04-26 20:03:07,216 [DEBUG]  No event broker configured. Skipping streaming events.
2025-04-26 20:03:07,216 [DEBUG]  Deleted lock for conversation 'PractikumStudent'.
2025-04-26 20:03:24,480 [DEBUG]  Issuing ticket for conversation 'PractikumStudent'.
2025-04-26 20:03:24,481 [DEBUG]  Acquiring lock for conversation 'PractikumStudent'.
2025-04-26 20:03:24,481 [DEBUG]  Acquired lock for conversation 'PractikumStudent'.
2025-04-26 20:03:24,481 [DEBUG]  Recreating tracker for id 'PractikumStudent'
2025-04-26 20:03:24,484 [DEBUG]  Running graph with inputs: {'__message__': [<rasa.core.channels.channel.UserMessage object at 0x3457b5640>], '__tracker__': <rasa.shared.core.trackers.DialogueStateTracker object at 0x3713eb7c0>}, targets: ['run_RegexMessageHandler'] and ExecutionContext(model_id='1d7dcfe6ba1642cc8f8a1b47583c53a8', should_add_diagnostic_data=False, is_finetuning=False, node_name=None).
2025-04-26 20:03:24,485 [DEBUG]  Node 'nlu_message_converter' running 'NLUMessageConverter.convert_user_message'.
2025-04-26 20:03:24,485 [DEBUG]  Node 'run_WhitespaceTokenizer0' running 'WhitespaceTokenizer.process'.
2025-04-26 20:03:24,486 [DEBUG]  Node 'run_RegexFeaturizer1' running 'RegexFeaturizer.process'.
2025-04-26 20:03:24,486 [DEBUG]  Node 'run_LexicalSyntacticFeaturizer2' running 'LexicalSyntacticFeaturizer.process'.
2025-04-26 20:03:24,487 [DEBUG]  Node 'run_CountVectorsFeaturizer3' running 'CountVectorsFeaturizer.process'.
2025-04-26 20:03:24,488 [DEBUG]  Node 'run_LanguageModelFeaturizer4' running 'LanguageModelFeaturizer.process'.
2025-04-26 20:03:24,720 [DEBUG]  Node 'run_DIETClassifier5' running 'DIETClassifier.process'.
2025-04-26 20:03:24,722 [DEBUG]  Node 'run_EntitySynonymMapper6' running 'EntitySynonymMapper.process'.
2025-04-26 20:03:24,722 [DEBUG]  Node 'run_ResponseSelector7' running 'ResponseSelector.process'.
2025-04-26 20:03:24,722 [DEBUG]  There is no trained model for 'ResponseSelector': The component is either not trained or didn't receive enough training data.
2025-04-26 20:03:24,722 [DEBUG]  Adding following selector key to message property: default
2025-04-26 20:03:24,722 [DEBUG]  Node 'domain_provider' running 'DomainProvider.provide_inference'.
2025-04-26 20:03:24,722 [DEBUG]  Node 'run_RegexMessageHandler' running 'RegexMessageHandler.process'.
2025-04-26 20:03:24,722 [DEBUG]  [[32m[1mdebug    [0m] [1mprocessor.message.parse       [0m [36mparse_data_entities[0m=[35m[][0m [36mparse_data_intent[0m=[35m{'name': 'greet', 'confidence': 0.25193050503730774}[0m [36mparse_data_text[0m=[35mПока, ассистент[0m
2025-04-26 20:03:24,722 [DEBUG]  Logged UserUtterance - tracker now has 22 events.
2025-04-26 20:03:24,722 [DEBUG]  Validating extracted slots: topic
2025-04-26 20:03:24,722 [DEBUG]  [[32m[1mdebug    [0m] [1mprocessor.extract.slots       [0m [36maction_extract_slot[0m=[35maction_extract_slots[0m [36mlen_extraction_events[0m=[35m1[0m [36mrasa_events[0m=[35m[SlotSet(key: topic, value: Пока, ассистент)][0m
2025-04-26 20:03:24,723 [DEBUG]  Running graph with inputs: {'__tracker__': <rasa.shared.core.trackers.DialogueStateTracker object at 0x3713eb7c0>}, targets: ['select_prediction'] and ExecutionContext(model_id='1d7dcfe6ba1642cc8f8a1b47583c53a8', should_add_diagnostic_data=False, is_finetuning=False, node_name=None).
2025-04-26 20:03:24,723 [DEBUG]  Node 'rule_only_data_provider' running 'RuleOnlyDataProvider.provide'.
2025-04-26 20:03:24,723 [DEBUG]  Node 'domain_provider' running 'DomainProvider.provide_inference'.
2025-04-26 20:03:24,723 [DEBUG]  Node 'run_MemoizationPolicy0' running 'MemoizationPolicy.predict_action_probabilities'.
2025-04-26 20:03:24,723 [DEBUG]  [[32m[1mdebug    [0m] [1mmemoization.predict.actions   [0m [36mtracker_states[0m=[35m[{'user': {'intent': 'request_info'}, 'prev_action': {'action_name': 'utter_ask_more'}}, {'user': {'intent': 'greet'}, 'prev_action': {'action_name': 'action_listen'}}][0m
2025-04-26 20:03:24,723 [DEBUG]  There is no memorised next action
2025-04-26 20:03:24,723 [DEBUG]  Node 'run_RulePolicy1' running 'RulePolicy.predict_action_probabilities'.
2025-04-26 20:03:24,723 [DEBUG]  [[32m[1mdebug    [0m] [1mrule_policy.actions.find      [0m [36mcurrent_states[0m=[35m
[state 1] user intent: request_info | previous action name: action_listen
[state 2] user intent: request_info | previous action name: utter_ask_more
[state 3] user intent: request_info | previous action name: action_listen
[state 4] user intent: request_info | previous action name: utter_ask_more
[state 5] user intent: request_info | previous action name: action_listen
[state 6] user intent: request_info | previous action name: utter_ask_more
[state 7] user text: Пока, ассистент | previous action name: action_listen[0m
2025-04-26 20:03:24,723 [DEBUG]  There is no applicable rule.
2025-04-26 20:03:24,724 [DEBUG]  [[32m[1mdebug    [0m] [1mrule_policy.actions.find      [0m [36mcurrent_states[0m=[35m
[state 1] user intent: request_info | previous action name: action_listen
[state 2] user intent: request_info | previous action name: utter_ask_more
[state 3] user intent: request_info | previous action name: action_listen
[state 4] user intent: request_info | previous action name: utter_ask_more
[state 5] user intent: request_info | previous action name: action_listen
[state 6] user intent: request_info | previous action name: utter_ask_more
[state 7] user intent: greet | previous action name: action_listen[0m
2025-04-26 20:03:24,724 [DEBUG]  There is a rule for the next action 'utter_greet'.
2025-04-26 20:03:24,724 [DEBUG]  Node 'run_TEDPolicy2' running 'TEDPolicy.predict_action_probabilities'.
2025-04-26 20:03:24,725 [DEBUG]  TED predicted 'utter_ask_more' based on user intent.
2025-04-26 20:03:24,725 [DEBUG]  Node 'select_prediction' running 'DefaultPolicyPredictionEnsemble.combine_predictions_from_kwargs'.
2025-04-26 20:03:24,726 [DEBUG]  Made prediction using user intent.
2025-04-26 20:03:24,726 [DEBUG]  Added `DefinePrevUserUtteredFeaturization(False)` event.
2025-04-26 20:03:24,726 [DEBUG]  Predicted next action using RulePolicy.
2025-04-26 20:03:24,726 [DEBUG]  Predicted next action 'utter_greet' with confidence 1.00.
2025-04-26 20:03:24,726 [DEBUG]  [[32m[1mdebug    [0m] [1mprocessor.actions.policy_prediction[0m [36mprediction_events[0m=[35m[<rasa.shared.core.events.DefinePrevUserUtteredFeaturization object at 0x31880c190>][0m
2025-04-26 20:03:24,726 [DEBUG]  [[32m[1mdebug    [0m] [1mprocessor.actions.log         [0m [36maction_name[0m=[35mutter_greet[0m [36mrasa_events[0m=[35m[BotUttered('Привет! Чем могу помочь в области архитектуры программного обеспечения?', {"elements": null, "quick_replies": null, "buttons": null, "attachment": null, "image": null, "custom": null}, {"utter_action": "utter_greet"}, 1745687004.726315)][0m
2025-04-26 20:03:24,726 [DEBUG]  Running graph with inputs: {'__tracker__': <rasa.shared.core.trackers.DialogueStateTracker object at 0x3713eb7c0>}, targets: ['select_prediction'] and ExecutionContext(model_id='1d7dcfe6ba1642cc8f8a1b47583c53a8', should_add_diagnostic_data=False, is_finetuning=False, node_name=None).
2025-04-26 20:03:24,726 [DEBUG]  Node 'rule_only_data_provider' running 'RuleOnlyDataProvider.provide'.
2025-04-26 20:03:24,726 [DEBUG]  Node 'domain_provider' running 'DomainProvider.provide_inference'.
2025-04-26 20:03:24,726 [DEBUG]  Node 'run_MemoizationPolicy0' running 'MemoizationPolicy.predict_action_probabilities'.
2025-04-26 20:03:24,727 [DEBUG]  [[32m[1mdebug    [0m] [1mmemoization.predict.actions   [0m [36mtracker_states[0m=[35m[{'user': {'intent': 'greet'}, 'prev_action': {'action_name': 'action_listen'}}, {'user': {'intent': 'greet'}, 'prev_action': {'action_name': 'utter_greet'}}][0m
2025-04-26 20:03:24,727 [DEBUG]  There is a memorised next action 'action_listen'
2025-04-26 20:03:24,727 [DEBUG]  Node 'run_RulePolicy1' running 'RulePolicy.predict_action_probabilities'.
2025-04-26 20:03:24,727 [DEBUG]  [[32m[1mdebug    [0m] [1mrule_policy.actions.find      [0m [36mcurrent_states[0m=[35m
[state 1] user intent: request_info | previous action name: action_listen
[state 2] user intent: request_info | previous action name: utter_ask_more
[state 3] user intent: request_info | previous action name: action_listen
[state 4] user intent: request_info | previous action name: utter_ask_more
[state 5] user intent: request_info | previous action name: action_listen
[state 6] user intent: request_info | previous action name: utter_ask_more
[state 7] user intent: greet | previous action name: action_listen
[state 8] user intent: greet | previous action name: utter_greet[0m
2025-04-26 20:03:24,727 [DEBUG]  There is a rule for the next action 'action_listen'.
2025-04-26 20:03:24,727 [DEBUG]  Node 'run_TEDPolicy2' running 'TEDPolicy.predict_action_probabilities'.
2025-04-26 20:03:24,728 [DEBUG]  TED predicted 'utter_ask_more' based on user intent.
2025-04-26 20:03:24,728 [DEBUG]  Node 'select_prediction' running 'DefaultPolicyPredictionEnsemble.combine_predictions_from_kwargs'.
2025-04-26 20:03:24,728 [DEBUG]  Predicted next action using RulePolicy.
2025-04-26 20:03:24,729 [DEBUG]  Predicted next action 'action_listen' with confidence 1.00.
2025-04-26 20:03:24,729 [DEBUG]  [[32m[1mdebug    [0m] [1mprocessor.actions.policy_prediction[0m [36mprediction_events[0m=[35m[][0m
2025-04-26 20:03:24,729 [DEBUG]  [[32m[1mdebug    [0m] [1mprocessor.actions.log         [0m [36maction_name[0m=[35maction_listen[0m [36mrasa_events[0m=[35m[][0m
2025-04-26 20:03:24,729 [DEBUG]  No event broker configured. Skipping streaming events.
2025-04-26 20:03:24,729 [DEBUG]  Deleted lock for conversation 'PractikumStudent'.
